<?xml version="1.0" encoding="UTF-8"?>
<!-- Generated by org.testng.reporters.JUnitXMLReporter -->
<testsuite ignored="0" hostname="DESKTOP-TR0PU7A" failures="1" tests="2" name="Test" time="3.138" errors="0" timestamp="2022-02-05T16:34:40 IST">
  <testcase classname="com.scrolltest.api.tests.DataDrivenExamples" name="test_delete2" time="2.831"/>
  <testcase classname="com.scrolltest.api.tests.DataDrivenExamples" name="test_post" time="0.0">
    <failure type="org.testng.TestNGException" message="
Found two providers called &amp;apos;DataForPost&amp;apos; on class com.scrolltest.api.tests.DataDrivenExamples">
      <![CDATA[org.testng.TestNGException: 
Found two providers called 'DataForPost' on class com.scrolltest.api.tests.DataDrivenExamples
at java.base/java.util.ArrayList.forEach(ArrayList.java:1511)
... Removed 25 stack frames]]>
    </failure>
  </testcase> <!-- test_post -->
</testsuite> <!-- Test -->
